 
****************************************
Report : reference
Design : DMAC_TOP
Version: Q-2019.12-SP5-5
Date   : Thu Dec  4 23:41:49 2025
****************************************

Attributes:
    b - black box (unknown)
   bo - allows boundary optimization
    d - dont_touch
   mo - map_only
    h - hierarchical
    n - noncombinational
    r - removable
    s - synthetic operator
    u - contains unmapped logic

Reference          Library       Unit Area   Count    Total Area   Attributes
-----------------------------------------------------------------------------
AND2X1_LVT         saed32lvt_ss0p75v125c
                                  2.033152       5     10.165761  
AND3X1_LVT         saed32lvt_ss0p75v125c
                                  2.287296       5     11.436480  
AND3X4_LVT         saed32lvt_ss0p75v125c
                                  3.049728       1      3.049728  
AO22X1_LVT         saed32lvt_ss0p75v125c
                                  2.541440      34     86.408960  
AO221X1_LVT        saed32lvt_ss0p75v125c
                                  3.049728      34    103.690749  
AOI22X1_LVT        saed32lvt_ss0p75v125c
                                  3.049728       2      6.099456  
DELLN2X2_LVT       saed32lvt_ss0p75v125c
                                  6.607744       2     13.215488  
DMAC_ARBITER_N_MASTER4_DATA_SIZE45
                                544.376453       1    544.376453  h, n
DMAC_CFG                       4215.232488       1   4215.232488  h, n
DMAC_FIFO_DEPTH_LG24_DATA_WIDTH37
                               7320.618076       1   7320.618076  h, n
DMAC_FIFO_DEPTH_LG24_DATA_WIDTH40
                               8169.967341       1   8169.967341  h, n
DMAC_INITIATOR_0               1371.869334       1   1371.869334  h, n
DMAC_INITIATOR_1               1395.250583       1   1395.250583  h, n
DMAC_INITIATOR_2               1389.913559       1   1389.913559  h, n
DMAC_INITIATOR_3               1382.543383       1   1382.543383  h, n
IBUFFX2_LVT        saed32lvt_ss0p75v125c
                                  2.541440       1      2.541440  
INVX0_LVT          saed32lvt_ss0p75v125c
                                  1.270720      10     12.707200  
INVX1_LVT          saed32lvt_ss0p75v125c
                                  1.270720       9     11.436480  
NAND2X0_LVT        saed32lvt_ss0p75v125c
                                  1.524864       7     10.674048  
NAND3X0_LVT        saed32lvt_ss0p75v125c
                                  1.779008       4      7.116032  
NAND4X0_LVT        saed32lvt_ss0p75v125c
                                  2.033152       1      2.033152  
NBUFFX2_LVT        saed32lvt_ss0p75v125c
                                  2.033152      20     40.663042  
NOR2X0_LVT         saed32lvt_ss0p75v125c
                                  2.541440       1      2.541440  
OR2X1_LVT          saed32lvt_ss0p75v125c
                                  2.033152       1      2.033152  
OR2X2_LVT          saed32lvt_ss0p75v125c
                                  2.287296       3      6.861888  
-----------------------------------------------------------------------------
Total 25 references                                 26122.445714
1
